  backpack.cpp
c:\users\direz\onedrive\documents\github\cs162_finalproject\vsproject\character.hpp(58): error C2027: use of undefined type 'Queue'
  c:\users\direz\onedrive\documents\github\cs162_finalproject\vsproject\character.hpp(25): note: see declaration of 'Queue'
c:\users\direz\onedrive\documents\github\cs162_finalproject\vsproject\character.hpp(59): error C2027: use of undefined type 'Queue'
  c:\users\direz\onedrive\documents\github\cs162_finalproject\vsproject\character.hpp(25): note: see declaration of 'Queue'
  board.cpp
  character.cpp
  circularLinkedList.cpp
c:\users\direz\onedrive\documents\github\cs162_finalproject\vsproject\character.hpp(58): error C2027: use of undefined type 'Queue'
  c:\users\direz\onedrive\documents\github\cs162_finalproject\vsproject\character.hpp(25): note: see declaration of 'Queue'
c:\users\direz\onedrive\documents\github\cs162_finalproject\vsproject\character.hpp(59): error C2027: use of undefined type 'Queue'
  c:\users\direz\onedrive\documents\github\cs162_finalproject\vsproject\character.hpp(25): note: see declaration of 'Queue'
  main.cpp
c:\users\direz\onedrive\documents\github\cs162_finalproject\vsproject\main.cpp(32): warning C4244: 'argument': conversion from 'time_t' to 'unsigned int', possible loss of data
  menu.cpp
  Generating Code...
c:\users\direz\onedrive\documents\github\cs162_finalproject\vsproject\board.cpp(255): warning C4715: 'Board::rightSpaceCheck': not all control paths return a value
c:\users\direz\onedrive\documents\github\cs162_finalproject\vsproject\board.cpp(346): warning C4715: 'Board::leftSpaceCheck': not all control paths return a value
c:\users\direz\onedrive\documents\github\cs162_finalproject\vsproject\board.cpp(436): warning C4715: 'Board::upSpaceCheck': not all control paths return a value
c:\users\direz\onedrive\documents\github\cs162_finalproject\vsproject\board.cpp(526): warning C4715: 'Board::downSpaceCheck': not all control paths return a value
