c:\users\direz\onedrive\documents\github\cs162_finalproject\vsproject\debug\vc141.pdb
c:\users\direz\onedrive\documents\github\cs162_finalproject\vsproject\debug\menu.obj
c:\users\direz\onedrive\documents\github\cs162_finalproject\vsproject\debug\main.obj
c:\users\direz\onedrive\documents\github\cs162_finalproject\vsproject\debug\inputvalidation.obj
c:\users\direz\onedrive\documents\github\cs162_finalproject\vsproject\debug\circularlinkedlist.obj
c:\users\direz\onedrive\documents\github\cs162_finalproject\vsproject\debug\character.obj
c:\users\direz\onedrive\documents\github\cs162_finalproject\vsproject\debug\board.obj
c:\users\direz\onedrive\documents\github\cs162_finalproject\vsproject\debug\.netframework,version=v4.0.assemblyattributes.obj
c:\users\direz\onedrive\documents\github\cs162_finalproject\vsproject\debug\.netframework,version=v4.0.assemblyattributes.asm
c:\users\direz\onedrive\documents\github\cs162_finalproject\vsproject\debug\finalproject.exe
c:\users\direz\onedrive\documents\github\cs162_finalproject\vsproject\debug\finalproject.pdb
c:\users\direz\onedrive\documents\github\cs162_finalproject\vsproject\debug\finalproject.vcxprojassemblyreference.cache
c:\users\direz\onedrive\documents\github\cs162_finalproject\vsproject\debug\finalproject.exe.metagen
c:\users\direz\onedrive\documents\github\cs162_finalproject\vsproject\debug\finalproject.tlog\cl.command.1.tlog
c:\users\direz\onedrive\documents\github\cs162_finalproject\vsproject\debug\finalproject.tlog\cl.read.1.tlog
c:\users\direz\onedrive\documents\github\cs162_finalproject\vsproject\debug\finalproject.tlog\cl.write.1.tlog
c:\users\direz\onedrive\documents\github\cs162_finalproject\vsproject\debug\finalproject.tlog\link.command.1.tlog
c:\users\direz\onedrive\documents\github\cs162_finalproject\vsproject\debug\finalproject.tlog\link.read.1.tlog
c:\users\direz\onedrive\documents\github\cs162_finalproject\vsproject\debug\finalproject.tlog\link.write.1.tlog
c:\users\direz\onedrive\documents\github\cs162_finalproject\vsproject\debug\finalproject.tlog\metagen.read.1.tlog
c:\users\direz\onedrive\documents\github\cs162_finalproject\vsproject\debug\finalproject.tlog\metagen.write.1.tlog
